Analyzed 1 units
in unit accountmanagementsystem, 19 subprograms and packages out of 19 analyzed
  AccountManagementSystem at accountmanagementsystem.ads:9 flow analyzed (0 errors and 0 warnings) and proved (0 checks)
  AccountManagementSystem.ContactEmergency at accountmanagementsystem.ads:285 flow analyzed (0 errors and 0 warnings) and not proved, 2 checks out of 3 proved
  AccountManagementSystem.CreateUser at accountmanagementsystem.ads:106 flow analyzed (0 errors and 0 warnings) and proved (2 checks)
  AccountManagementSystem.Init at accountmanagementsystem.ads:72 flow analyzed (0 errors and 0 warnings) and not proved, 16 checks out of 17 proved
  AccountManagementSystem.ReadFootsteps at accountmanagementsystem.ads:203 flow analyzed (0 errors and 0 warnings) and not proved, 0 checks out of 2 proved
  AccountManagementSystem.ReadFriend at accountmanagementsystem.ads:149 flow analyzed (0 errors and 0 warnings) and proved (0 checks)
  AccountManagementSystem.ReadInsurer at accountmanagementsystem.ads:127 flow analyzed (0 errors and 0 warnings) and proved (0 checks)
  AccountManagementSystem.ReadLocation at accountmanagementsystem.ads:218 flow analyzed (0 errors and 0 warnings) and proved (1 checks)
  AccountManagementSystem.ReadVitals at accountmanagementsystem.ads:189 flow analyzed (0 errors and 0 warnings) and proved (1 checks)
  AccountManagementSystem.RemoveFriend at accountmanagementsystem.ads:152 flow analyzed (0 errors and 0 warnings) and proved (1 checks)
  AccountManagementSystem.RemoveInsurer at accountmanagementsystem.ads:130 flow analyzed (0 errors and 0 warnings) and proved (1 checks)
  AccountManagementSystem.SetFriend at accountmanagementsystem.ads:140 flow analyzed (0 errors and 0 warnings) and proved (1 checks)
  AccountManagementSystem.SetInsurer at accountmanagementsystem.ads:118 flow analyzed (0 errors and 0 warnings) and proved (1 checks)
  AccountManagementSystem.UpdateFootsteps at accountmanagementsystem.ads:168 flow analyzed (0 errors and 0 warnings) and proved (1 checks)
  AccountManagementSystem.UpdateFootstepsPermissions at accountmanagementsystem.ads:248 flow analyzed (0 errors and 0 warnings) and not proved, 0 checks out of 1 proved
  AccountManagementSystem.UpdateLocation at accountmanagementsystem.ads:173 flow analyzed (0 errors and 0 warnings) and proved (1 checks)
  AccountManagementSystem.UpdateLocationPermissions at accountmanagementsystem.ads:269 flow analyzed (0 errors and 0 warnings) and proved (1 checks)
  AccountManagementSystem.UpdateVitals at accountmanagementsystem.ads:164 flow analyzed (0 errors and 0 warnings) and proved (1 checks)
  AccountManagementSystem.UpdateVitalsPermissions at accountmanagementsystem.ads:232 flow analyzed (0 errors and 0 warnings) and proved (1 checks)
